<?xml version="1.0" encoding="UTF-8"?>
<!-- Generated by org.testng.reporters.JUnitReportReporter -->
<testsuite hostname="LAPTOP-O8INV88O" failures="0" tests="1" name="SpecificationConcept.ResponseSpecBuilderTest" time="3.633" errors="0" timestamp="18 Mar 2024 16:50:35 GMT" skipped="0">
  <testcase classname="SpecificationConcept.ResponseSpecBuilderTest" name="getAllUsers_With_ResponseSpec200WithBody_Test" time="3.633"/>
</testsuite> <!-- SpecificationConcept.ResponseSpecBuilderTest -->
