<?xml version="1.0" encoding="UTF-8"?>
<!-- Generated by org.testng.reporters.JUnitReportReporter -->
<testsuite hostname="LAPTOP-O8INV88O" failures="0" tests="1" name="Lombok.ProductAPITest" time="5.826" errors="0" timestamp="20 Mar 2024 05:25:25 GMT" skipped="0">
  <testcase classname="Lombok.ProductAPITest" name="getAllProductsTest_DeserializationUsingLombok" time="5.826"/>
</testsuite> <!-- Lombok.ProductAPITest -->
