<?xml version="1.0" encoding="UTF-8"?>
<!-- Generated by org.testng.reporters.JUnitReportReporter -->
<testsuite hostname="LAPTOP-O8INV88O" failures="0" tests="1" name="SerializationAndDeSerialization.CreatePetTest" time="3.337" errors="0" timestamp="20 Mar 2024 11:27:23 GMT" skipped="0">
  <testcase classname="SerializationAndDeSerialization.CreatePetTest" name="createPetTest_Serialization_DeSerialization_UsingBuilderPattern" time="3.337"/>
</testsuite> <!-- SerializationAndDeSerialization.CreatePetTest -->
