<?xml version="1.0" encoding="UTF-8"?>
<!-- Generated by org.testng.reporters.JUnitReportReporter -->
<testsuite hostname="LAPTOP-O8INV88O" failures="0" tests="1" name="SpecificationConcept.RequestSpecBuilderTest" time="2.871" errors="0" timestamp="18 Mar 2024 16:24:14 GMT" skipped="0">
  <testcase classname="SpecificationConcept.RequestSpecBuilderTest" name="getUser_WithParameters_With_RequestSpec" time="2.871"/>
</testsuite> <!-- SpecificationConcept.RequestSpecBuilderTest -->
