<?xml version="1.0" encoding="UTF-8"?>
<!-- Generated by org.testng.reporters.JUnitReportReporter -->
<testsuite hostname="LAPTOP-O8INV88O" failures="0" tests="1" name="UserAPI.CreateUserTestWithLombok" time="3.821" errors="0" timestamp="20 Mar 2024 09:35:56 GMT" skipped="0">
  <testcase classname="UserAPI.CreateUserTestWithLombok" name="createUserTest_Serialization" time="3.821"/>
</testsuite> <!-- UserAPI.CreateUserTestWithLombok -->
