<?xml version="1.0" encoding="UTF-8"?>
<!-- Generated by org.testng.reporters.JUnitReportReporter -->
<testsuite hostname="LAPTOP-O8INV88O" failures="0" tests="2" name="GETAPI.GETAPIRequestWithPathParameters" time="3.335" errors="0" timestamp="18 Mar 2024 10:54:16 GMT" skipped="0">
  <testcase classname="GETAPI.GETAPIRequestWithPathParameters" name="getCircuitDataWithDataProviders" time="0.597"/>
  <testcase classname="GETAPI.GETAPIRequestWithPathParameters" name="getCircuitDataWithDataProviders" time="2.738"/>
</testsuite> <!-- GETAPI.GETAPIRequestWithPathParameters -->
