<?xml version="1.0" encoding="UTF-8"?>
<!-- Generated by org.testng.reporters.JUnitReportReporter -->
<testsuite hostname="LAPTOP-O8INV88O" failures="0" tests="1" name="POJOClasses.BookingAuthTestWithPOJO" time="3.836" errors="0" timestamp="19 Mar 2024 07:11:04 GMT" skipped="0">
  <testcase classname="POJOClasses.BookingAuthTestWithPOJO" name="getAuthToken_JSON_AsPOJO" time="3.836"/>
</testsuite> <!-- POJOClasses.BookingAuthTestWithPOJO -->
