<?xml version="1.0" encoding="UTF-8"?>
<!-- Generated by org.testng.reporters.JUnitReportReporter -->
<testsuite hostname="LAPTOP-O8INV88O" failures="0" tests="1" name="POJOClasses.CreateUserWithPOJO" time="4.941" errors="0" timestamp="19 Mar 2024 07:50:55 GMT" skipped="0">
  <testcase classname="POJOClasses.CreateUserWithPOJO" name="createAndGetUser_UsingPOJO" time="4.941"/>
</testsuite> <!-- POJOClasses.CreateUserWithPOJO -->
