<?xml version="1.0" encoding="UTF-8"?>
<!-- Generated by org.testng.reporters.JUnitReportReporter -->
<testsuite hostname="LAPTOP-O8INV88O" failures="0" tests="1" name="POSTAPI.OAuthTestUsingFlightAPI" time="7.735" errors="0" timestamp="19 Mar 2024 04:59:38 GMT" skipped="0">
  <testcase classname="POSTAPI.OAuthTestUsingFlightAPI" name="getFlightDetails" time="7.735"/>
</testsuite> <!-- POSTAPI.OAuthTestUsingFlightAPI -->
