<?xml version="1.0" encoding="UTF-8"?>
<!-- Generated by org.testng.reporters.JUnitReportReporter -->
<testsuite hostname="LAPTOP-O8INV88O" failures="0" tests="2" name="GETAPI.GETAPIRequestTest" time="10.287" errors="0" timestamp="18 Mar 2024 16:16:58 GMT" skipped="0">
  <testcase classname="GETAPI.GETAPIRequestTest" name="getAllUsersWithQueryParams" time="1.392"/>
  <testcase classname="GETAPI.GETAPIRequestTest" name="getAllUsersAPITest" time="8.895"/>
</testsuite> <!-- GETAPI.GETAPIRequestTest -->
