<?xml version="1.0" encoding="UTF-8"?>
<!-- Generated by org.testng.reporters.JUnitReportReporter -->
<testsuite hostname="LAPTOP-O8INV88O" failures="0" tests="1" name="GETAPI.GETAPIRequestTestWithBDD" time="3.285" errors="0" timestamp="18 Mar 2024 10:01:02 GMT" skipped="0">
  <testcase classname="GETAPI.GETAPIRequestTestWithBDD" name="getAllProducts_UsingExtractMethod" time="3.285"/>
</testsuite> <!-- GETAPI.GETAPIRequestTestWithBDD -->
