<?xml version="1.0" encoding="UTF-8"?>
<!-- Generated by org.testng.reporters.JUnitReportReporter -->
<testsuite hostname="LAPTOP-O8INV88O" failures="0" tests="1" name="JsonPathValidation.JSONPathTest" time="2.867" errors="0" timestamp="20 Mar 2024 03:31:52 GMT" skipped="0">
  <testcase classname="JsonPathValidation.JSONPathTest" name="getAllProductsTest" time="2.867"/>
</testsuite> <!-- JsonPathValidation.JSONPathTest -->
