<?xml version="1.0" encoding="UTF-8"?>
<!-- Generated by org.testng.reporters.JUnitReportReporter -->
<testsuite hostname="LAPTOP-O8INV88O" failures="0" tests="1" name="POSTAPI.BookingAuthTest" time="7.431" errors="0" timestamp="19 Mar 2024 04:01:08 GMT" skipped="0">
  <testcase classname="POSTAPI.BookingAuthTest" name="addUserAPITest" time="7.431"/>
</testsuite> <!-- POSTAPI.BookingAuthTest -->
